12 12
### MATRIX ###
[['G', 'G', 'G', 'G', 'G', 'G', 'G', 'G', 'G', 'G', 'G', 'G'], ['G', 'B', 'G', 'G', 'B', 'B', 'B', 'B', 'B', 'B', 'B', 'G'], ['G', 'B', 'G', 'G', 'B', 'B', 'B', 'B', 'B', 'B', 'B', 'G'], ['G', 'G', 'G', 'G', 'G', 'G', 'G', 'G', 'G', 'G', 'G', 'G'], ['G', 'G', 'G', 'G', 'G', 'G', 'G', 'G', 'G', 'G', 'G', 'G'], ['G', 'G', 'G', 'G', 'G', 'G', 'G', 'G', 'G', 'G', 'G', 'G'], ['G', 'G', 'G', 'G', 'G', 'G', 'G', 'G', 'G', 'G', 'G', 'G'], ['G', 'B', 'G', 'G', 'B', 'B', 'B', 'B', 'B', 'B', 'B', 'G'], ['G', 'B', 'G', 'G', 'B', 'B', 'B', 'B', 'B', 'B', 'B', 'G'], ['G', 'B', 'G', 'G', 'B', 'B', 'B', 'B', 'B', 'B', 'B', 'G'], ['G', 'G', 'G', 'G', 'G', 'G', 'G', 'G', 'G', 'G', 'G', 'G'], ['G', 'B', 'G', 'G', 'B', 'B', 'B', 'B', 'B', 'B', 'B', 'G']]
Processing center [ 1 ][ 1 ]
Processing center [ 1 ][ 2 ]
Max size for plus:  1
Processing vertical line:
Processing point: [ 0 ][ 2 ] with value:  G
Processing point: [ 1 ][ 2 ] with value:  G
Processing point: [ 2 ][ 2 ] with value:  G
Processing horizontal line:
Processing point: [ 1 ][ 1 ] with value:  B
Processing center [ 1 ][ 3 ]
Max size for plus:  1
Processing vertical line:
Processing point: [ 0 ][ 3 ] with value:  G
Processing point: [ 1 ][ 3 ] with value:  G
Processing point: [ 2 ][ 3 ] with value:  G
Processing horizontal line:
Processing point: [ 1 ][ 2 ] with value:  G
Processing point: [ 1 ][ 3 ] with value:  G
Processing point: [ 1 ][ 4 ] with value:  B
Processing center [ 1 ][ 4 ]
Processing center [ 1 ][ 5 ]
Processing center [ 1 ][ 6 ]
Processing center [ 1 ][ 7 ]
Processing center [ 1 ][ 8 ]
Processing center [ 1 ][ 9 ]
Processing center [ 1 ][ 10 ]
Processing center [ 2 ][ 1 ]
Processing center [ 2 ][ 2 ]
Max size for plus:  2
Processing vertical line:
Processing point: [ 0 ][ 2 ] with value:  G
Processing point: [ 1 ][ 2 ] with value:  G
Processing point: [ 2 ][ 2 ] with value:  G
Processing point: [ 3 ][ 2 ] with value:  G
Processing point: [ 4 ][ 2 ] with value:  G
Processing horizontal line:
Processing point: [ 2 ][ 0 ] with value:  G
Processing point: [ 2 ][ 1 ] with value:  B
Processing center [ 2 ][ 3 ]
Max size for plus:  2
Processing vertical line:
Processing point: [ 0 ][ 3 ] with value:  G
Processing point: [ 1 ][ 3 ] with value:  G
Processing point: [ 2 ][ 3 ] with value:  G
Processing point: [ 3 ][ 3 ] with value:  G
Processing point: [ 4 ][ 3 ] with value:  G
Processing horizontal line:
Processing point: [ 2 ][ 1 ] with value:  B
Processing center [ 2 ][ 4 ]
Processing center [ 2 ][ 5 ]
Processing center [ 2 ][ 6 ]
Processing center [ 2 ][ 7 ]
Processing center [ 2 ][ 8 ]
Processing center [ 2 ][ 9 ]
Processing center [ 2 ][ 10 ]
Processing center [ 3 ][ 1 ]
Max size for plus:  1
Processing vertical line:
Processing point: [ 2 ][ 1 ] with value:  B
Processing center [ 3 ][ 2 ]
Max size for plus:  2
Processing vertical line:
Processing point: [ 1 ][ 2 ] with value:  G
Processing point: [ 2 ][ 2 ] with value:  G
Processing point: [ 3 ][ 2 ] with value:  G
Processing point: [ 4 ][ 2 ] with value:  G
Processing point: [ 5 ][ 2 ] with value:  G
Processing horizontal line:
Processing point: [ 3 ][ 0 ] with value:  G
Processing point: [ 3 ][ 1 ] with value:  G
Processing point: [ 3 ][ 2 ] with value:  G
Processing point: [ 3 ][ 3 ] with value:  G
Processing point: [ 3 ][ 4 ] with value:  G
Processing center [ 3 ][ 3 ]
Max size for plus:  3
Processing vertical line:
Processing point: [ 0 ][ 3 ] with value:  G
Processing point: [ 1 ][ 3 ] with value:  G
Processing point: [ 2 ][ 3 ] with value:  G
Processing point: [ 3 ][ 3 ] with value:  G
Processing point: [ 4 ][ 3 ] with value:  G
Processing point: [ 5 ][ 3 ] with value:  G
Processing point: [ 6 ][ 3 ] with value:  G
Processing horizontal line:
Processing point: [ 3 ][ 0 ] with value:  G
Processing point: [ 3 ][ 1 ] with value:  G
Processing point: [ 3 ][ 2 ] with value:  G
Processing point: [ 3 ][ 3 ] with value:  G
Processing point: [ 3 ][ 4 ] with value:  G
Processing point: [ 3 ][ 5 ] with value:  G
Processing point: [ 3 ][ 6 ] with value:  G
Processing center [ 3 ][ 4 ]
Max size for plus:  3
Processing vertical line:
Processing point: [ 0 ][ 4 ] with value:  G
Processing point: [ 1 ][ 4 ] with value:  B
Processing center [ 3 ][ 5 ]
Max size for plus:  3
Processing vertical line:
Processing point: [ 0 ][ 5 ] with value:  G
Processing point: [ 1 ][ 5 ] with value:  B
Processing center [ 3 ][ 6 ]
Max size for plus:  3
Processing vertical line:
Processing point: [ 0 ][ 6 ] with value:  G
Processing point: [ 1 ][ 6 ] with value:  B
Processing center [ 3 ][ 7 ]
Max size for plus:  3
Processing vertical line:
Processing point: [ 0 ][ 7 ] with value:  G
Processing point: [ 1 ][ 7 ] with value:  B
Processing center [ 3 ][ 8 ]
Max size for plus:  3
Processing vertical line:
Processing point: [ 0 ][ 8 ] with value:  G
Processing point: [ 1 ][ 8 ] with value:  B
Processing center [ 3 ][ 9 ]
Max size for plus:  2
Processing vertical line:
Processing point: [ 1 ][ 9 ] with value:  B
Processing center [ 3 ][ 10 ]
Max size for plus:  1
Processing vertical line:
Processing point: [ 2 ][ 10 ] with value:  B
Processing center [ 4 ][ 1 ]
Max size for plus:  1
Processing vertical line:
Processing point: [ 3 ][ 1 ] with value:  G
Processing point: [ 4 ][ 1 ] with value:  G
Processing point: [ 5 ][ 1 ] with value:  G
Processing horizontal line:
Processing point: [ 4 ][ 0 ] with value:  G
Processing point: [ 4 ][ 1 ] with value:  G
Processing point: [ 4 ][ 2 ] with value:  G
Processing center [ 4 ][ 2 ]
Max size for plus:  2
Processing vertical line:
Processing point: [ 2 ][ 2 ] with value:  G
Processing point: [ 3 ][ 2 ] with value:  G
Processing point: [ 4 ][ 2 ] with value:  G
Processing point: [ 5 ][ 2 ] with value:  G
Processing point: [ 6 ][ 2 ] with value:  G
Processing horizontal line:
Processing point: [ 4 ][ 0 ] with value:  G
Processing point: [ 4 ][ 1 ] with value:  G
Processing point: [ 4 ][ 2 ] with value:  G
Processing point: [ 4 ][ 3 ] with value:  G
Processing point: [ 4 ][ 4 ] with value:  G
Processing center [ 4 ][ 3 ]
Max size for plus:  3
Processing vertical line:
Processing point: [ 1 ][ 3 ] with value:  G
Processing point: [ 2 ][ 3 ] with value:  G
Processing point: [ 3 ][ 3 ] with value:  G
Processing point: [ 4 ][ 3 ] with value:  G
Processing point: [ 5 ][ 3 ] with value:  G
Processing point: [ 6 ][ 3 ] with value:  G
Processing point: [ 7 ][ 3 ] with value:  G
Processing horizontal line:
Processing point: [ 4 ][ 0 ] with value:  G
Processing point: [ 4 ][ 1 ] with value:  G
Processing point: [ 4 ][ 2 ] with value:  G
Processing point: [ 4 ][ 3 ] with value:  G
Processing point: [ 4 ][ 4 ] with value:  G
Processing point: [ 4 ][ 5 ] with value:  G
Processing point: [ 4 ][ 6 ] with value:  G
Processing center [ 4 ][ 4 ]
Max size for plus:  4
Processing vertical line:
Processing point: [ 0 ][ 4 ] with value:  G
Processing point: [ 1 ][ 4 ] with value:  B
Processing center [ 4 ][ 5 ]
Max size for plus:  4
Processing vertical line:
Processing point: [ 0 ][ 5 ] with value:  G
Processing point: [ 1 ][ 5 ] with value:  B
Processing center [ 4 ][ 6 ]
Max size for plus:  4
Processing vertical line:
Processing point: [ 0 ][ 6 ] with value:  G
Processing point: [ 1 ][ 6 ] with value:  B
Processing center [ 4 ][ 7 ]
Max size for plus:  4
Processing vertical line:
Processing point: [ 0 ][ 7 ] with value:  G
Processing point: [ 1 ][ 7 ] with value:  B
Processing center [ 4 ][ 8 ]
Max size for plus:  3
Processing vertical line:
Processing point: [ 1 ][ 8 ] with value:  B
Processing center [ 4 ][ 9 ]
Max size for plus:  2
Processing vertical line:
Processing point: [ 2 ][ 9 ] with value:  B
Processing center [ 4 ][ 10 ]
Max size for plus:  1
Processing vertical line:
Processing point: [ 3 ][ 10 ] with value:  G
Processing point: [ 4 ][ 10 ] with value:  G
Processing point: [ 5 ][ 10 ] with value:  G
Processing horizontal line:
Processing point: [ 4 ][ 9 ] with value:  G
Processing point: [ 4 ][ 10 ] with value:  G
Processing point: [ 4 ][ 11 ] with value:  G
Processing center [ 5 ][ 1 ]
Max size for plus:  1
Processing vertical line:
Processing point: [ 4 ][ 1 ] with value:  G
Processing point: [ 5 ][ 1 ] with value:  G
Processing point: [ 6 ][ 1 ] with value:  G
Processing horizontal line:
Processing point: [ 5 ][ 0 ] with value:  G
Processing point: [ 5 ][ 1 ] with value:  G
Processing point: [ 5 ][ 2 ] with value:  G
Processing center [ 5 ][ 2 ]
Max size for plus:  2
Processing vertical line:
Processing point: [ 3 ][ 2 ] with value:  G
Processing point: [ 4 ][ 2 ] with value:  G
Processing point: [ 5 ][ 2 ] with value:  G
Processing point: [ 6 ][ 2 ] with value:  G
Processing point: [ 7 ][ 2 ] with value:  G
Processing horizontal line:
Processing point: [ 5 ][ 0 ] with value:  G
Processing point: [ 5 ][ 1 ] with value:  G
Processing point: [ 5 ][ 2 ] with value:  G
Processing point: [ 5 ][ 3 ] with value:  G
Processing point: [ 5 ][ 4 ] with value:  G
Processing center [ 5 ][ 3 ]
Max size for plus:  3
Processing vertical line:
Processing point: [ 2 ][ 3 ] with value:  G
Processing point: [ 3 ][ 3 ] with value:  G
Processing point: [ 4 ][ 3 ] with value:  G
Processing point: [ 5 ][ 3 ] with value:  G
Processing point: [ 6 ][ 3 ] with value:  G
Processing point: [ 7 ][ 3 ] with value:  G
Processing point: [ 8 ][ 3 ] with value:  G
Processing horizontal line:
Processing point: [ 5 ][ 0 ] with value:  G
Processing point: [ 5 ][ 1 ] with value:  G
Processing point: [ 5 ][ 2 ] with value:  G
Processing point: [ 5 ][ 3 ] with value:  G
Processing point: [ 5 ][ 4 ] with value:  G
Processing point: [ 5 ][ 5 ] with value:  G
Processing point: [ 5 ][ 6 ] with value:  G
Processing center [ 5 ][ 4 ]
Max size for plus:  4
Processing vertical line:
Processing point: [ 1 ][ 4 ] with value:  B
Processing center [ 5 ][ 5 ]
Max size for plus:  5
Processing vertical line:
Processing point: [ 0 ][ 5 ] with value:  G
Processing point: [ 1 ][ 5 ] with value:  B
Processing center [ 5 ][ 6 ]
Max size for plus:  5
Processing vertical line:
Processing point: [ 0 ][ 6 ] with value:  G
Processing point: [ 1 ][ 6 ] with value:  B
Processing center [ 5 ][ 7 ]
Max size for plus:  4
Processing vertical line:
Processing point: [ 1 ][ 7 ] with value:  B
Processing center [ 5 ][ 8 ]
Max size for plus:  3
Processing vertical line:
Processing point: [ 2 ][ 8 ] with value:  B
Processing center [ 5 ][ 9 ]
Max size for plus:  2
Processing vertical line:
Processing point: [ 3 ][ 9 ] with value:  G
Processing point: [ 4 ][ 9 ] with value:  G
Processing point: [ 5 ][ 9 ] with value:  G
Processing point: [ 6 ][ 9 ] with value:  G
Processing point: [ 7 ][ 9 ] with value:  B
Processing center [ 5 ][ 10 ]
Max size for plus:  1
Processing vertical line:
Processing point: [ 4 ][ 10 ] with value:  G
Processing point: [ 5 ][ 10 ] with value:  G
Processing point: [ 6 ][ 10 ] with value:  G
Processing horizontal line:
Processing point: [ 5 ][ 9 ] with value:  G
Processing point: [ 5 ][ 10 ] with value:  G
Processing point: [ 5 ][ 11 ] with value:  G
Processing center [ 6 ][ 1 ]
Max size for plus:  1
Processing vertical line:
Processing point: [ 5 ][ 1 ] with value:  G
Processing point: [ 6 ][ 1 ] with value:  G
Processing point: [ 7 ][ 1 ] with value:  B
Processing center [ 6 ][ 2 ]
Max size for plus:  2
Processing vertical line:
Processing point: [ 4 ][ 2 ] with value:  G
Processing point: [ 5 ][ 2 ] with value:  G
Processing point: [ 6 ][ 2 ] with value:  G
Processing point: [ 7 ][ 2 ] with value:  G
Processing point: [ 8 ][ 2 ] with value:  G
Processing horizontal line:
Processing point: [ 6 ][ 0 ] with value:  G
Processing point: [ 6 ][ 1 ] with value:  G
Processing point: [ 6 ][ 2 ] with value:  G
Processing point: [ 6 ][ 3 ] with value:  G
Processing point: [ 6 ][ 4 ] with value:  G
Processing center [ 6 ][ 3 ]
Max size for plus:  3
Processing vertical line:
Processing point: [ 3 ][ 3 ] with value:  G
Processing point: [ 4 ][ 3 ] with value:  G
Processing point: [ 5 ][ 3 ] with value:  G
Processing point: [ 6 ][ 3 ] with value:  G
Processing point: [ 7 ][ 3 ] with value:  G
Processing point: [ 8 ][ 3 ] with value:  G
Processing point: [ 9 ][ 3 ] with value:  G
Processing horizontal line:
Processing point: [ 6 ][ 0 ] with value:  G
Processing point: [ 6 ][ 1 ] with value:  G
Processing point: [ 6 ][ 2 ] with value:  G
Processing point: [ 6 ][ 3 ] with value:  G
Processing point: [ 6 ][ 4 ] with value:  G
Processing point: [ 6 ][ 5 ] with value:  G
Processing point: [ 6 ][ 6 ] with value:  G
Processing center [ 6 ][ 4 ]
Max size for plus:  4
Processing vertical line:
Processing point: [ 2 ][ 4 ] with value:  B
Processing center [ 6 ][ 5 ]
Max size for plus:  5
Processing vertical line:
Processing point: [ 1 ][ 5 ] with value:  B
Processing center [ 6 ][ 6 ]
Max size for plus:  5
Processing vertical line:
Processing point: [ 1 ][ 6 ] with value:  B
Processing center [ 6 ][ 7 ]
Max size for plus:  4
Processing vertical line:
Processing point: [ 2 ][ 7 ] with value:  B
Processing center [ 6 ][ 8 ]
Max size for plus:  3
Processing vertical line:
Processing point: [ 3 ][ 8 ] with value:  G
Processing point: [ 4 ][ 8 ] with value:  G
Processing point: [ 5 ][ 8 ] with value:  G
Processing point: [ 6 ][ 8 ] with value:  G
Processing point: [ 7 ][ 8 ] with value:  B
Processing center [ 6 ][ 9 ]
Max size for plus:  2
Processing vertical line:
Processing point: [ 4 ][ 9 ] with value:  G
Processing point: [ 5 ][ 9 ] with value:  G
Processing point: [ 6 ][ 9 ] with value:  G
Processing point: [ 7 ][ 9 ] with value:  B
Processing center [ 6 ][ 10 ]
Max size for plus:  1
Processing vertical line:
Processing point: [ 5 ][ 10 ] with value:  G
Processing point: [ 6 ][ 10 ] with value:  G
Processing point: [ 7 ][ 10 ] with value:  B
Processing center [ 7 ][ 1 ]
Processing center [ 7 ][ 2 ]
Max size for plus:  2
Processing vertical line:
Processing point: [ 5 ][ 2 ] with value:  G
Processing point: [ 6 ][ 2 ] with value:  G
Processing point: [ 7 ][ 2 ] with value:  G
Processing point: [ 8 ][ 2 ] with value:  G
Processing point: [ 9 ][ 2 ] with value:  G
Processing horizontal line:
Processing point: [ 7 ][ 0 ] with value:  G
Processing point: [ 7 ][ 1 ] with value:  B
Processing center [ 7 ][ 3 ]
Max size for plus:  3
Processing vertical line:
Processing point: [ 4 ][ 3 ] with value:  G
Processing point: [ 5 ][ 3 ] with value:  G
Processing point: [ 6 ][ 3 ] with value:  G
Processing point: [ 7 ][ 3 ] with value:  G
Processing point: [ 8 ][ 3 ] with value:  G
Processing point: [ 9 ][ 3 ] with value:  G
Processing point: [ 10 ][ 3 ] with value:  G
Processing horizontal line:
Processing point: [ 7 ][ 0 ] with value:  G
Processing point: [ 7 ][ 1 ] with value:  B
Processing center [ 7 ][ 4 ]
Processing center [ 7 ][ 5 ]
Processing center [ 7 ][ 6 ]
Processing center [ 7 ][ 7 ]
Processing center [ 7 ][ 8 ]
Processing center [ 7 ][ 9 ]
Processing center [ 7 ][ 10 ]
Processing center [ 8 ][ 1 ]
Processing center [ 8 ][ 2 ]
Max size for plus:  2
Processing vertical line:
Processing point: [ 6 ][ 2 ] with value:  G
Processing point: [ 7 ][ 2 ] with value:  G
Processing point: [ 8 ][ 2 ] with value:  G
Processing point: [ 9 ][ 2 ] with value:  G
Processing point: [ 10 ][ 2 ] with value:  G
Processing horizontal line:
Processing point: [ 8 ][ 0 ] with value:  G
Processing point: [ 8 ][ 1 ] with value:  B
Processing center [ 8 ][ 3 ]
Max size for plus:  3
Processing vertical line:
Processing point: [ 5 ][ 3 ] with value:  G
Processing point: [ 6 ][ 3 ] with value:  G
Processing point: [ 7 ][ 3 ] with value:  G
Processing point: [ 8 ][ 3 ] with value:  G
Processing point: [ 9 ][ 3 ] with value:  G
Processing point: [ 10 ][ 3 ] with value:  G
Processing point: [ 11 ][ 3 ] with value:  G
Processing horizontal line:
Processing point: [ 8 ][ 0 ] with value:  G
Processing point: [ 8 ][ 1 ] with value:  B
Processing center [ 8 ][ 4 ]
Processing center [ 8 ][ 5 ]
Processing center [ 8 ][ 6 ]
Processing center [ 8 ][ 7 ]
Processing center [ 8 ][ 8 ]
Processing center [ 8 ][ 9 ]
Processing center [ 8 ][ 10 ]
Processing center [ 9 ][ 1 ]
Processing center [ 9 ][ 2 ]
Max size for plus:  2
Processing vertical line:
Processing point: [ 7 ][ 2 ] with value:  G
Processing point: [ 8 ][ 2 ] with value:  G
Processing point: [ 9 ][ 2 ] with value:  G
Processing point: [ 10 ][ 2 ] with value:  G
Processing point: [ 11 ][ 2 ] with value:  G
Processing horizontal line:
Processing point: [ 9 ][ 0 ] with value:  G
Processing point: [ 9 ][ 1 ] with value:  B
Processing center [ 9 ][ 3 ]
Max size for plus:  2
Processing vertical line:
Processing point: [ 7 ][ 3 ] with value:  G
Processing point: [ 8 ][ 3 ] with value:  G
Processing point: [ 9 ][ 3 ] with value:  G
Processing point: [ 10 ][ 3 ] with value:  G
Processing point: [ 11 ][ 3 ] with value:  G
Processing horizontal line:
Processing point: [ 9 ][ 1 ] with value:  B
Processing center [ 9 ][ 4 ]
Processing center [ 9 ][ 5 ]
Processing center [ 9 ][ 6 ]
Processing center [ 9 ][ 7 ]
Processing center [ 9 ][ 8 ]
Processing center [ 9 ][ 9 ]
Processing center [ 9 ][ 10 ]
Processing center [ 10 ][ 1 ]
Max size for plus:  1
Processing vertical line:
Processing point: [ 9 ][ 1 ] with value:  B
Processing center [ 10 ][ 2 ]
Max size for plus:  1
Processing vertical line:
Processing point: [ 9 ][ 2 ] with value:  G
Processing point: [ 10 ][ 2 ] with value:  G
Processing point: [ 11 ][ 2 ] with value:  G
Processing horizontal line:
Processing point: [ 10 ][ 1 ] with value:  G
Processing point: [ 10 ][ 2 ] with value:  G
Processing point: [ 10 ][ 3 ] with value:  G
Processing center [ 10 ][ 3 ]
Max size for plus:  1
Processing vertical line:
Processing point: [ 9 ][ 3 ] with value:  G
Processing point: [ 10 ][ 3 ] with value:  G
Processing point: [ 11 ][ 3 ] with value:  G
Processing horizontal line:
Processing point: [ 10 ][ 2 ] with value:  G
Processing point: [ 10 ][ 3 ] with value:  G
Processing point: [ 10 ][ 4 ] with value:  G
Processing center [ 10 ][ 4 ]
Max size for plus:  1
Processing vertical line:
Processing point: [ 9 ][ 4 ] with value:  B
Processing center [ 10 ][ 5 ]
Max size for plus:  1
Processing vertical line:
Processing point: [ 9 ][ 5 ] with value:  B
Processing center [ 10 ][ 6 ]
Max size for plus:  1
Processing vertical line:
Processing point: [ 9 ][ 6 ] with value:  B
Processing center [ 10 ][ 7 ]
Max size for plus:  1
Processing vertical line:
Processing point: [ 9 ][ 7 ] with value:  B
Processing center [ 10 ][ 8 ]
Max size for plus:  1
Processing vertical line:
Processing point: [ 9 ][ 8 ] with value:  B
Processing center [ 10 ][ 9 ]
Max size for plus:  1
Processing vertical line:
Processing point: [ 9 ][ 9 ] with value:  B
Processing center [ 10 ][ 10 ]
Max size for plus:  1
Processing vertical line:
Processing point: [ 9 ][ 10 ] with value:  B
Pluses:
[{'size': 9, 'center': [3, 2], 'points': [[3, 2], [1, 2], [2, 2], [4, 2], [5, 2], [3, 0], [3, 1], [3, 3], [3, 4]]}, {'size': 13, 'center': [3, 3], 'points': [[3, 3], [0, 3], [1, 3], [2, 3], [4, 3], [5, 3], [6, 3], [3, 0], [3, 1], [3, 2], [3, 4], [3, 5], [3, 6]]}, {'size': 5, 'center': [4, 1], 'points': [[4, 1], [3, 1], [5, 1], [4, 0], [4, 2]]}, {'size': 9, 'center': [4, 2], 'points': [[4, 2], [2, 2], [3, 2], [5, 2], [6, 2], [4, 0], [4, 1], [4, 3], [4, 4]]}, {'size': 13, 'center': [4, 3], 'points': [[4, 3], [1, 3], [2, 3], [3, 3], [5, 3], [6, 3], [7, 3], [4, 0], [4, 1], [4, 2], [4, 4], [4, 5], [4, 6]]}, {'size': 5, 'center': [4, 10], 'points': [[4, 10], [3, 10], [5, 10], [4, 9], [4, 11]]}, {'size': 5, 'center': [5, 1], 'points': [[5, 1], [4, 1], [6, 1], [5, 0], [5, 2]]}, {'size': 9, 'center': [5, 2], 'points': [[5, 2], [3, 2], [4, 2], [6, 2], [7, 2], [5, 0], [5, 1], [5, 3], [5, 4]]}, {'size': 13, 'center': [5, 3], 'points': [[5, 3], [2, 3], [3, 3], [4, 3], [6, 3], [7, 3], [8, 3], [5, 0], [5, 1], [5, 2], [5, 4], [5, 5], [5, 6]]}, {'size': 5, 'center': [5, 10], 'points': [[5, 10], [4, 10], [6, 10], [5, 9], [5, 11]]}, {'size': 9, 'center': [6, 2], 'points': [[6, 2], [4, 2], [5, 2], [7, 2], [8, 2], [6, 0], [6, 1], [6, 3], [6, 4]]}, {'size': 13, 'center': [6, 3], 'points': [[6, 3], [3, 3], [4, 3], [5, 3], [7, 3], [8, 3], [9, 3], [6, 0], [6, 1], [6, 2], [6, 4], [6, 5], [6, 6]]}, {'size': 5, 'center': [10, 2], 'points': [[10, 2], [9, 2], [11, 2], [10, 1], [10, 3]]}, {'size': 5, 'center': [10, 3], 'points': [[10, 3], [9, 3], [11, 3], [10, 2], [10, 4]]}]
Pluses [3,2] and [4,10] are not overlapping
Pluses [3,2] and [5,10] are not overlapping
Pluses [3,2] and [10,2] are not overlapping
Pluses [3,2] and [10,3] are not overlapping
Pluses [3,3] and [4,10] are not overlapping
Pluses [3,3] and [5,1] are not overlapping
Pluses [3,3] and [5,10] are not overlapping
Pluses [3,3] and [10,2] are not overlapping
Pluses [3,3] and [10,3] are not overlapping
Pluses [4,1] and [4,10] are not overlapping
Pluses [4,1] and [5,10] are not overlapping
Pluses [4,1] and [6,3] are not overlapping
Pluses [4,1] and [10,2] are not overlapping
Pluses [4,1] and [10,3] are not overlapping
Pluses [4,2] and [4,10] are not overlapping
Pluses [4,2] and [5,10] are not overlapping
Pluses [4,2] and [10,2] are not overlapping
Pluses [4,2] and [10,3] are not overlapping
Pluses [4,3] and [4,10] are not overlapping
Pluses [4,3] and [5,10] are not overlapping
Pluses [4,3] and [10,2] are not overlapping
Pluses [4,3] and [10,3] are not overlapping
Pluses [4,10] and [3,2] are not overlapping
Pluses [4,10] and [3,3] are not overlapping
Pluses [4,10] and [4,1] are not overlapping
Pluses [4,10] and [4,2] are not overlapping
Pluses [4,10] and [4,3] are not overlapping
Pluses [4,10] and [5,1] are not overlapping
Pluses [4,10] and [5,2] are not overlapping
Pluses [4,10] and [5,3] are not overlapping
Pluses [4,10] and [6,2] are not overlapping
Pluses [4,10] and [6,3] are not overlapping
Pluses [4,10] and [10,2] are not overlapping
Pluses [4,10] and [10,3] are not overlapping
Pluses [5,1] and [3,3] are not overlapping
Pluses [5,1] and [4,10] are not overlapping
Pluses [5,1] and [5,10] are not overlapping
Pluses [5,1] and [10,2] are not overlapping
Pluses [5,1] and [10,3] are not overlapping
Pluses [5,2] and [4,10] are not overlapping
Pluses [5,2] and [5,10] are not overlapping
Pluses [5,2] and [10,2] are not overlapping
Pluses [5,2] and [10,3] are not overlapping
Pluses [5,3] and [4,10] are not overlapping
Pluses [5,3] and [5,10] are not overlapping
Pluses [5,3] and [10,2] are not overlapping
Pluses [5,3] and [10,3] are not overlapping
Pluses [5,10] and [3,2] are not overlapping
Pluses [5,10] and [3,3] are not overlapping
Pluses [5,10] and [4,1] are not overlapping
Pluses [5,10] and [4,2] are not overlapping
Pluses [5,10] and [4,3] are not overlapping
Pluses [5,10] and [5,1] are not overlapping
Pluses [5,10] and [5,2] are not overlapping
Pluses [5,10] and [5,3] are not overlapping
Pluses [5,10] and [6,2] are not overlapping
Pluses [5,10] and [6,3] are not overlapping
Pluses [5,10] and [10,2] are not overlapping
Pluses [5,10] and [10,3] are not overlapping
Pluses [6,2] and [4,10] are not overlapping
Pluses [6,2] and [5,10] are not overlapping
Pluses [6,2] and [10,2] are not overlapping
Pluses [6,2] and [10,3] are not overlapping
Pluses [6,3] and [4,1] are not overlapping
Pluses [6,3] and [4,10] are not overlapping
Pluses [6,3] and [5,10] are not overlapping
Pluses [6,3] and [10,2] are not overlapping
Pluses [10,2] and [3,2] are not overlapping
Pluses [10,2] and [3,3] are not overlapping
Pluses [10,2] and [4,1] are not overlapping
Pluses [10,2] and [4,2] are not overlapping
Pluses [10,2] and [4,3] are not overlapping
Pluses [10,2] and [4,10] are not overlapping
Pluses [10,2] and [5,1] are not overlapping
Pluses [10,2] and [5,2] are not overlapping
Pluses [10,2] and [5,3] are not overlapping
Pluses [10,2] and [5,10] are not overlapping
Pluses [10,2] and [6,2] are not overlapping
Pluses [10,2] and [6,3] are not overlapping
Pluses [10,3] and [3,2] are not overlapping
Pluses [10,3] and [3,3] are not overlapping
Pluses [10,3] and [4,1] are not overlapping
Pluses [10,3] and [4,2] are not overlapping
Pluses [10,3] and [4,3] are not overlapping
Pluses [10,3] and [4,10] are not overlapping
Pluses [10,3] and [5,1] are not overlapping
Pluses [10,3] and [5,2] are not overlapping
Pluses [10,3] and [5,3] are not overlapping
Pluses [10,3] and [5,10] are not overlapping
Pluses [10,3] and [6,2] are not overlapping
65
